<?xml version="1.0" encoding="UTF-8"?>
<!-- Generated by org.testng.reporters.JUnitReportReporter -->
<testsuite hostname="LIN80015757" failures="0" tests="1" name="SeleniumPractice.LinkedIn" time="33.118" errors="0" timestamp="23 Jul 2020 06:59:09 GMT" skipped="0">
  <testcase classname="SeleniumPractice.LinkedIn" name="LinkedInSearch" time="33.118"/>
</testsuite> <!-- SeleniumPractice.LinkedIn -->
